2018-10-24 15:48:07 [main] INFO  o.s.c.c.c.ConfigServicePropertySourceLocator - Fetching config from server at : http://localhost:8888
2018-10-24 15:48:09 [main] INFO  o.s.c.c.c.ConfigServicePropertySourceLocator - Located environment: name=movie-server, profiles=[default], label=null, version=72696fe1d4d3f3b89dbbaa344f82ef6e089e3ca9, state=null
2018-10-24 15:48:09 [main] INFO  o.s.c.b.c.PropertySourceBootstrapConfiguration - Located property source: CompositePropertySource {name='configService', propertySources=[MapPropertySource {name='configClient'}, MapPropertySource {name='https://github.com/amul1210/movie-server.git/movie-server.yml'}]}
2018-10-24 15:48:09 [main] INFO  c.s.m.controller.MovieControllerTest - No active profile set, falling back to default profiles: default
2018-10-24 15:48:11 [main] INFO  o.s.b.f.a.AutowiredAnnotationBeanPostProcessor - JSR-330 'javax.inject.Inject' annotation found and supported for autowiring
2018-10-24 15:48:12 [main] INFO  o.s.b.t.m.w.SpringBootMockServletContext - Initializing Spring FrameworkServlet ''
2018-10-24 15:48:12 [main] INFO  o.s.t.w.s.TestDispatcherServlet - FrameworkServlet '': initialization started
2018-10-24 15:48:12 [main] INFO  o.s.t.w.s.TestDispatcherServlet - FrameworkServlet '': initialization completed in 39 ms
2018-10-24 15:48:12 [main] INFO  c.s.m.controller.MovieControllerTest - Started MovieControllerTest in 7.627 seconds (JVM running for 10.211)
2018-10-24 15:48:12 [main] INFO  o.s.mock.web.MockServletContext - Initializing Spring FrameworkServlet ''
2018-10-24 15:48:12 [main] INFO  o.s.t.w.s.TestDispatcherServlet - FrameworkServlet '': initialization started
2018-10-24 15:48:12 [main] INFO  o.s.t.w.s.TestDispatcherServlet - FrameworkServlet '': initialization completed in 1 ms
2018-10-24 15:48:12 [main] ERROR c.s.m.controller.MovieController - null
2018-10-24 15:48:12 [main] INFO  o.s.mock.web.MockServletContext - Initializing Spring FrameworkServlet ''
2018-10-24 15:48:12 [main] INFO  o.s.t.w.s.TestDispatcherServlet - FrameworkServlet '': initialization started
2018-10-24 15:48:12 [main] INFO  o.s.t.w.s.TestDispatcherServlet - FrameworkServlet '': initialization completed in 0 ms
2018-10-24 15:48:12 [main] ERROR c.s.m.controller.MovieController - null
2018-10-24 15:48:12 [main] INFO  o.s.mock.web.MockServletContext - Initializing Spring FrameworkServlet ''
2018-10-24 15:48:12 [main] INFO  o.s.t.w.s.TestDispatcherServlet - FrameworkServlet '': initialization started
2018-10-24 15:48:12 [main] INFO  o.s.t.w.s.TestDispatcherServlet - FrameworkServlet '': initialization completed in 0 ms
2018-10-24 15:48:12 [main] INFO  o.s.mock.web.MockServletContext - Initializing Spring FrameworkServlet ''
2018-10-24 15:48:12 [main] INFO  o.s.t.w.s.TestDispatcherServlet - FrameworkServlet '': initialization started
2018-10-24 15:48:12 [main] INFO  o.s.t.w.s.TestDispatcherServlet - FrameworkServlet '': initialization completed in 0 ms
2018-10-24 15:48:12 [main] INFO  o.s.mock.web.MockServletContext - Initializing Spring FrameworkServlet ''
2018-10-24 15:48:12 [main] INFO  o.s.t.w.s.TestDispatcherServlet - FrameworkServlet '': initialization started
2018-10-24 15:48:12 [main] INFO  o.s.t.w.s.TestDispatcherServlet - FrameworkServlet '': initialization completed in 0 ms
2018-10-24 15:48:12 [main] INFO  o.s.mock.web.MockServletContext - Initializing Spring FrameworkServlet ''
2018-10-24 15:48:12 [main] INFO  o.s.t.w.s.TestDispatcherServlet - FrameworkServlet '': initialization started
2018-10-24 15:48:12 [main] INFO  o.s.t.w.s.TestDispatcherServlet - FrameworkServlet '': initialization completed in 0 ms
2018-10-24 15:48:12 [main] INFO  o.s.mock.web.MockServletContext - Initializing Spring FrameworkServlet ''
2018-10-24 15:48:12 [main] INFO  o.s.t.w.s.TestDispatcherServlet - FrameworkServlet '': initialization started
2018-10-24 15:48:12 [main] INFO  o.s.t.w.s.TestDispatcherServlet - FrameworkServlet '': initialization completed in 0 ms
2018-10-24 15:48:13 [main] ERROR c.s.m.controller.MovieController - null
2018-10-24 15:48:13 [main] INFO  o.s.mock.web.MockServletContext - Initializing Spring FrameworkServlet ''
2018-10-24 15:48:13 [main] INFO  o.s.t.w.s.TestDispatcherServlet - FrameworkServlet '': initialization started
2018-10-24 15:48:13 [main] INFO  o.s.t.w.s.TestDispatcherServlet - FrameworkServlet '': initialization completed in 0 ms
2018-10-24 15:48:13 [main] INFO  o.s.mock.web.MockServletContext - Initializing Spring FrameworkServlet ''
2018-10-24 15:48:13 [main] INFO  o.s.t.w.s.TestDispatcherServlet - FrameworkServlet '': initialization started
2018-10-24 15:48:13 [main] INFO  o.s.t.w.s.TestDispatcherServlet - FrameworkServlet '': initialization completed in 0 ms
2018-10-24 15:48:13 [main] ERROR c.s.m.controller.MovieController - null
2018-10-24 15:48:13 [main] INFO  o.s.mock.web.MockServletContext - Initializing Spring FrameworkServlet ''
2018-10-24 15:48:13 [main] INFO  o.s.t.w.s.TestDispatcherServlet - FrameworkServlet '': initialization started
2018-10-24 15:48:13 [main] INFO  o.s.t.w.s.TestDispatcherServlet - FrameworkServlet '': initialization completed in 0 ms
2018-10-24 15:48:13 [main] ERROR c.s.m.controller.MovieController - null
2018-10-24 15:48:13 [main] INFO  o.s.mock.web.MockServletContext - Initializing Spring FrameworkServlet ''
2018-10-24 15:48:13 [main] INFO  o.s.t.w.s.TestDispatcherServlet - FrameworkServlet '': initialization started
2018-10-24 15:48:13 [main] INFO  o.s.t.w.s.TestDispatcherServlet - FrameworkServlet '': initialization completed in 0 ms
2018-10-24 15:48:13 [main] INFO  o.s.mock.web.MockServletContext - Initializing Spring FrameworkServlet ''
2018-10-24 15:48:13 [main] INFO  o.s.t.w.s.TestDispatcherServlet - FrameworkServlet '': initialization started
2018-10-24 15:48:13 [main] INFO  o.s.t.w.s.TestDispatcherServlet - FrameworkServlet '': initialization completed in 0 ms
2018-10-24 15:48:13 [main] ERROR c.s.m.controller.MovieController - null
2018-10-24 15:48:13 [main] INFO  o.s.b.t.c.SpringBootTestContextBootstrapper - Neither @ContextConfiguration nor @ContextHierarchy found for test class [com.stackroute.movieservice.MovieServicesApplicationTests], using SpringBootContextLoader
2018-10-24 15:48:13 [main] INFO  o.s.t.c.s.AbstractContextLoader - Could not detect default resource locations for test class [com.stackroute.movieservice.MovieServicesApplicationTests]: no resource found for suffixes {-context.xml, Context.groovy}.
2018-10-24 15:48:13 [main] INFO  o.s.t.c.s.AnnotationConfigContextLoaderUtils - Could not detect default configuration classes for test class [com.stackroute.movieservice.MovieServicesApplicationTests]: MovieServicesApplicationTests does not declare any static, non-private, non-final, nested classes annotated with @Configuration.
2018-10-24 15:48:13 [main] INFO  o.s.b.t.c.SpringBootTestContextBootstrapper - Found @SpringBootConfiguration com.stackroute.movieservice.MovieServicesApplication for test class com.stackroute.movieservice.MovieServicesApplicationTests
2018-10-24 15:48:13 [main] INFO  o.s.b.t.c.SpringBootTestContextBootstrapper - Loaded default TestExecutionListener class names from location [META-INF/spring.factories]: [org.springframework.boot.test.mock.mockito.MockitoTestExecutionListener, org.springframework.boot.test.mock.mockito.ResetMocksTestExecutionListener, org.springframework.boot.test.autoconfigure.restdocs.RestDocsTestExecutionListener, org.springframework.boot.test.autoconfigure.web.client.MockRestServiceServerResetTestExecutionListener, org.springframework.boot.test.autoconfigure.web.servlet.MockMvcPrintOnlyOnFailureTestExecutionListener, org.springframework.boot.test.autoconfigure.web.servlet.WebDriverTestExecutionListener, org.springframework.test.context.web.ServletTestExecutionListener, org.springframework.test.context.support.DirtiesContextBeforeModesTestExecutionListener, org.springframework.test.context.support.DependencyInjectionTestExecutionListener, org.springframework.test.context.support.DirtiesContextTestExecutionListener, org.springframework.test.context.transaction.TransactionalTestExecutionListener, org.springframework.test.context.jdbc.SqlScriptsTestExecutionListener]
2018-10-24 15:48:13 [main] INFO  o.s.b.t.c.SpringBootTestContextBootstrapper - Using TestExecutionListeners: [org.springframework.test.context.web.ServletTestExecutionListener@5885e231, org.springframework.test.context.support.DirtiesContextBeforeModesTestExecutionListener@47eaf55c, org.springframework.boot.test.mock.mockito.MockitoTestExecutionListener@2c0798bd, org.springframework.boot.test.autoconfigure.SpringBootDependencyInjectionTestExecutionListener@2e3252, org.springframework.test.context.support.DirtiesContextTestExecutionListener@77cddc0c, org.springframework.test.context.transaction.TransactionalTestExecutionListener@671d97bc, org.springframework.test.context.jdbc.SqlScriptsTestExecutionListener@774f2992, org.springframework.boot.test.mock.mockito.ResetMocksTestExecutionListener@602298b, org.springframework.boot.test.autoconfigure.restdocs.RestDocsTestExecutionListener@1fb6b8fb, org.springframework.boot.test.autoconfigure.web.client.MockRestServiceServerResetTestExecutionListener@149d7cc6, org.springframework.boot.test.autoconfigure.web.servlet.MockMvcPrintOnlyOnFailureTestExecutionListener@1a10c47e, org.springframework.boot.test.autoconfigure.web.servlet.WebDriverTestExecutionListener@d49e8c6]
2018-10-24 15:48:13 [main] INFO  o.s.c.c.c.ConfigServicePropertySourceLocator - Fetching config from server at : http://localhost:8888
2018-10-24 15:48:14 [main] INFO  o.s.c.c.c.ConfigServicePropertySourceLocator - Located environment: name=movie-server, profiles=[default], label=null, version=72696fe1d4d3f3b89dbbaa344f82ef6e089e3ca9, state=null
2018-10-24 15:48:14 [main] INFO  o.s.c.b.c.PropertySourceBootstrapConfiguration - Located property source: CompositePropertySource {name='configService', propertySources=[MapPropertySource {name='configClient'}, MapPropertySource {name='https://github.com/amul1210/movie-server.git/movie-server.yml'}]}
2018-10-24 15:48:14 [main] INFO  c.s.m.MovieServicesApplicationTests - No active profile set, falling back to default profiles: default
2018-10-24 15:48:16 [main] INFO  o.s.cloud.context.scope.GenericScope - BeanFactory id=9cdd7f74-86b0-36b6-aebe-69ca4c6ddb3f
2018-10-24 15:48:17 [main] INFO  o.s.b.f.a.AutowiredAnnotationBeanPostProcessor - JSR-330 'javax.inject.Inject' annotation found and supported for autowiring
2018-10-24 15:48:17 [main] INFO  o.s.c.s.PostProcessorRegistrationDelegate$BeanPostProcessorChecker - Bean 'org.springframework.cloud.autoconfigure.ConfigurationPropertiesRebinderAutoConfiguration' of type [org.springframework.cloud.autoconfigure.ConfigurationPropertiesRebinderAutoConfiguration$$EnhancerBySpringCGLIB$$a338da2f] is not eligible for getting processed by all BeanPostProcessors (for example: not eligible for auto-proxying)
2018-10-24 15:48:18 [main] INFO  org.mongodb.driver.cluster - Cluster created with settings {hosts=[localhost:27017], mode=SINGLE, requiredClusterType=UNKNOWN, serverSelectionTimeout='30000 ms', maxWaitQueueSize=500}
2018-10-24 15:48:19 [cluster-ClusterId{value='5bd046eaf6782b0611ae5e8f', description='null'}-localhost:27017] INFO  org.mongodb.driver.connection - Opened connection [connectionId{localValue:1, serverValue:2}] to localhost:27017
2018-10-24 15:48:19 [cluster-ClusterId{value='5bd046eaf6782b0611ae5e8f', description='null'}-localhost:27017] INFO  org.mongodb.driver.cluster - Monitor thread successfully connected to server with description ServerDescription{address=localhost:27017, type=STANDALONE, state=CONNECTED, ok=true, version=ServerVersion{versionList=[3, 6, 3]}, minWireVersion=0, maxWireVersion=6, maxDocumentSize=16777216, logicalSessionTimeoutMinutes=30, roundTripTimeNanos=5092921}
2018-10-24 15:48:20 [main] INFO  s.d.s.w.PropertySourcedRequestMappingHandlerMapping - Mapped URL path [/v2/api-docs] onto method [public org.springframework.http.ResponseEntity<springfox.documentation.spring.web.json.Json> springfox.documentation.swagger2.web.Swagger2Controller.getDocumentation(java.lang.String,javax.servlet.http.HttpServletRequest)]
2018-10-24 15:48:20 [main] WARN  c.n.c.sources.URLConfigurationSource - No URLs will be polled as dynamic configuration sources.
2018-10-24 15:48:20 [main] INFO  c.n.c.sources.URLConfigurationSource - To enable URLs as dynamic configuration sources, define System property archaius.configurationSource.additionalUrls or make config.properties available on classpath.
2018-10-24 15:48:20 [main] WARN  c.n.c.sources.URLConfigurationSource - No URLs will be polled as dynamic configuration sources.
2018-10-24 15:48:20 [main] INFO  c.n.c.sources.URLConfigurationSource - To enable URLs as dynamic configuration sources, define System property archaius.configurationSource.additionalUrls or make config.properties available on classpath.
2018-10-24 15:48:21 [main] INFO  o.s.c.s.DefaultLifecycleProcessor - Starting beans in phase 0
2018-10-24 15:48:22 [main] INFO  o.s.c.s.DefaultLifecycleProcessor - Starting beans in phase 2147483647
2018-10-24 15:48:22 [main] INFO  s.d.s.w.p.DocumentationPluginsBootstrapper - Context refreshed
2018-10-24 15:48:22 [main] INFO  s.d.s.w.p.DocumentationPluginsBootstrapper - Found 1 custom documentation plugin(s)
2018-10-24 15:48:22 [main] INFO  s.d.s.w.s.ApiListingReferenceScanner - Scanning for api listing references
2018-10-24 15:48:22 [main] INFO  c.s.m.MovieServicesApplicationTests - Started MovieServicesApplicationTests in 9.048 seconds (JVM running for 20.393)
2018-10-24 15:48:22 [main] INFO  o.s.b.t.c.SpringBootTestContextBootstrapper - Neither @ContextConfiguration nor @ContextHierarchy found for test class [com.stackroute.movieservice.repository.MovieRepositoryTest], using SpringBootContextLoader
2018-10-24 15:48:22 [main] INFO  o.s.t.c.s.AbstractContextLoader - Could not detect default resource locations for test class [com.stackroute.movieservice.repository.MovieRepositoryTest]: no resource found for suffixes {-context.xml, Context.groovy}.
2018-10-24 15:48:22 [main] INFO  o.s.t.c.s.AnnotationConfigContextLoaderUtils - Could not detect default configuration classes for test class [com.stackroute.movieservice.repository.MovieRepositoryTest]: MovieRepositoryTest does not declare any static, non-private, non-final, nested classes annotated with @Configuration.
2018-10-24 15:48:22 [main] INFO  o.s.b.t.c.SpringBootTestContextBootstrapper - Found @SpringBootConfiguration com.stackroute.movieservice.MovieServicesApplication for test class com.stackroute.movieservice.repository.MovieRepositoryTest
2018-10-24 15:48:22 [main] INFO  o.s.b.t.c.SpringBootTestContextBootstrapper - Loaded default TestExecutionListener class names from location [META-INF/spring.factories]: [org.springframework.boot.test.mock.mockito.MockitoTestExecutionListener, org.springframework.boot.test.mock.mockito.ResetMocksTestExecutionListener, org.springframework.boot.test.autoconfigure.restdocs.RestDocsTestExecutionListener, org.springframework.boot.test.autoconfigure.web.client.MockRestServiceServerResetTestExecutionListener, org.springframework.boot.test.autoconfigure.web.servlet.MockMvcPrintOnlyOnFailureTestExecutionListener, org.springframework.boot.test.autoconfigure.web.servlet.WebDriverTestExecutionListener, org.springframework.test.context.web.ServletTestExecutionListener, org.springframework.test.context.support.DirtiesContextBeforeModesTestExecutionListener, org.springframework.test.context.support.DependencyInjectionTestExecutionListener, org.springframework.test.context.support.DirtiesContextTestExecutionListener, org.springframework.test.context.transaction.TransactionalTestExecutionListener, org.springframework.test.context.jdbc.SqlScriptsTestExecutionListener]
2018-10-24 15:48:22 [main] INFO  o.s.b.t.c.SpringBootTestContextBootstrapper - Using TestExecutionListeners: [org.springframework.test.context.web.ServletTestExecutionListener@22c0c0bc, org.springframework.test.context.support.DirtiesContextBeforeModesTestExecutionListener@36a25457, org.springframework.boot.test.mock.mockito.MockitoTestExecutionListener@61d4155b, org.springframework.boot.test.autoconfigure.SpringBootDependencyInjectionTestExecutionListener@48590849, org.springframework.test.context.support.DirtiesContextTestExecutionListener@6c38f4de, org.springframework.test.context.transaction.TransactionalTestExecutionListener@489c15e2, org.springframework.test.context.jdbc.SqlScriptsTestExecutionListener@923bf67, org.springframework.boot.test.mock.mockito.ResetMocksTestExecutionListener@938e54a, org.springframework.boot.test.autoconfigure.restdocs.RestDocsTestExecutionListener@220d7eb7, org.springframework.boot.test.autoconfigure.web.client.MockRestServiceServerResetTestExecutionListener@a165c11, org.springframework.boot.test.autoconfigure.web.servlet.MockMvcPrintOnlyOnFailureTestExecutionListener@1eda12b3, org.springframework.boot.test.autoconfigure.web.servlet.WebDriverTestExecutionListener@5006a697]
2018-10-24 15:48:22 [main] INFO  o.s.c.c.c.ConfigServicePropertySourceLocator - Fetching config from server at : http://localhost:8888
2018-10-24 15:48:23 [main] INFO  o.s.c.c.c.ConfigServicePropertySourceLocator - Located environment: name=movie-server, profiles=[default], label=null, version=72696fe1d4d3f3b89dbbaa344f82ef6e089e3ca9, state=null
2018-10-24 15:48:23 [main] INFO  o.s.c.b.c.PropertySourceBootstrapConfiguration - Located property source: CompositePropertySource {name='configService', propertySources=[MapPropertySource {name='configClient'}, MapPropertySource {name='https://github.com/amul1210/movie-server.git/movie-server.yml'}]}
2018-10-24 15:48:23 [main] INFO  c.s.m.repository.MovieRepositoryTest - No active profile set, falling back to default profiles: default
2018-10-24 15:48:23 [main] INFO  o.s.c.a.AnnotationConfigApplicationContext - Refreshing org.springframework.context.annotation.AnnotationConfigApplicationContext@2d398cfb: startup date [Wed Oct 24 15:48:23 IST 2018]; parent: org.springframework.context.annotation.AnnotationConfigApplicationContext@5d3a238
2018-10-24 15:48:24 [main] INFO  o.s.b.f.a.AutowiredAnnotationBeanPostProcessor - JSR-330 'javax.inject.Inject' annotation found and supported for autowiring
2018-10-24 15:48:24 [main] INFO  org.mongodb.driver.cluster - Cluster created with settings {hosts=[localhost:27017], mode=SINGLE, requiredClusterType=UNKNOWN, serverSelectionTimeout='30000 ms', maxWaitQueueSize=500}
2018-10-24 15:48:24 [cluster-ClusterId{value='5bd046f0f6782b0611ae5e90', description='null'}-localhost:27017] INFO  org.mongodb.driver.connection - Opened connection [connectionId{localValue:2, serverValue:3}] to localhost:27017
2018-10-24 15:48:24 [cluster-ClusterId{value='5bd046f0f6782b0611ae5e90', description='null'}-localhost:27017] INFO  org.mongodb.driver.cluster - Monitor thread successfully connected to server with description ServerDescription{address=localhost:27017, type=STANDALONE, state=CONNECTED, ok=true, version=ServerVersion{versionList=[3, 6, 3]}, minWireVersion=0, maxWireVersion=6, maxDocumentSize=16777216, logicalSessionTimeoutMinutes=30, roundTripTimeNanos=1741281}
2018-10-24 15:48:24 [main] INFO  c.s.m.repository.MovieRepositoryTest - Started MovieRepositoryTest in 1.768 seconds (JVM running for 22.212)
2018-10-24 15:48:24 [main] INFO  org.mongodb.driver.connection - Opened connection [connectionId{localValue:3, serverValue:4}] to localhost:27017
2018-10-24 15:48:24 [Thread-12] INFO  o.s.c.a.AnnotationConfigApplicationContext - Closing org.springframework.context.annotation.AnnotationConfigApplicationContext@2d398cfb: startup date [Wed Oct 24 15:48:23 IST 2018]; parent: org.springframework.context.annotation.AnnotationConfigApplicationContext@5d3a238
2018-10-24 15:48:24 [Thread-12] INFO  org.mongodb.driver.connection - Closed connection [connectionId{localValue:3, serverValue:4}] to localhost:27017 because the pool has been closed.
2018-10-24 15:48:25 [Thread-8] INFO  o.s.c.n.eureka.InstanceInfoFactory - Setting initial instance status as: STARTING
2018-10-24 15:48:25 [Thread-8] INFO  o.s.c.n.e.s.EurekaServiceRegistry - Unregistering application movie-server with eureka with status DOWN
2018-10-24 15:48:25 [Thread-8] INFO  o.s.c.s.DefaultLifecycleProcessor - Stopping beans in phase 2147483647
2018-10-24 15:48:25 [Thread-8] INFO  o.s.c.s.DefaultLifecycleProcessor - Stopping beans in phase 0
